<?xml version="1.0" encoding="UTF-8"?>
<!-- Generated by org.testng.reporters.JUnitReportReporter -->
<testsuite hostname="LAPTOP-23EOHQUV" failures="0" tests="2" name="testCases.TC002_LoginTest" time="0.002" errors="1" timestamp="2026-01-26T14:33:15 IST" skipped="1">
  <testcase classname="testCases.TC002_LoginTest" name="setup" time="0.002">
    <error message="&#039;io.opentelemetry.sdk.autoconfigure.spi.internal.DefaultConfigProperties io.opentelemetry.sdk.autoconfigure.spi.internal.DefaultConfigProperties.create(java.util.Map, io.opentelemetry.common.ComponentLoader)&#039;" type="java.lang.NoSuchMethodError">
      <![CDATA[java.lang.NoSuchMethodError: 'io.opentelemetry.sdk.autoconfigure.spi.internal.DefaultConfigProperties io.opentelemetry.sdk.autoconfigure.spi.internal.DefaultConfigProperties.create(java.util.Map, io.opentelemetry.common.ComponentLoader)'
at io.opentelemetry.sdk.autoconfigure.AutoConfiguredOpenTelemetrySdkBuilder.buildImpl(AutoConfiguredOpenTelemetrySdkBuilder.java:452)
at io.opentelemetry.sdk.autoconfigure.AutoConfiguredOpenTelemetrySdkBuilder.build(AutoConfiguredOpenTelemetrySdkBuilder.java:430)
at org.openqa.selenium.remote.tracing.opentelemetry.OpenTelemetryTracer.createTracer(OpenTelemetryTracer.java:85)
at org.openqa.selenium.remote.tracing.opentelemetry.OpenTelemetryTracer.getInstance(OpenTelemetryTracer.java:59)
at org.openqa.selenium.remote.RemoteWebDriver.createExecutor(RemoteWebDriver.java:201)
at org.openqa.selenium.remote.RemoteWebDriver.<init>(RemoteWebDriver.java:157)
at testBase.BaseClass.setup(BaseClass.java:89)
at java.base/jdk.internal.reflect.DirectMethodHandleAccessor.invoke(DirectMethodHandleAccessor.java:103)
at java.base/java.lang.reflect.Method.invoke(Method.java:580)
at org.testng.internal.invokers.MethodInvocationHelper.invokeMethod(MethodInvocationHelper.java:141)
at org.testng.internal.invokers.MethodInvocationHelper.invokeMethodConsideringTimeout(MethodInvocationHelper.java:71)
at org.testng.internal.invokers.ConfigInvoker.invokeConfigurationMethod(ConfigInvoker.java:400)
at org.testng.internal.invokers.ConfigInvoker.invokeConfigurations(ConfigInvoker.java:333)
at org.testng.internal.invokers.TestMethodWorker.invokeBeforeClassMethods(TestMethodWorker.java:188)
at org.testng.internal.invokers.TestMethodWorker.run(TestMethodWorker.java:128)
at java.base/java.util.ArrayList.forEach(ArrayList.java:1596)
at org.testng.TestRunner.privateRun(TestRunner.java:741)
at org.testng.TestRunner.run(TestRunner.java:616)
at org.testng.SuiteRunner.runTest(SuiteRunner.java:421)
at org.testng.SuiteRunner.runSequentially(SuiteRunner.java:413)
at org.testng.SuiteRunner.privateRun(SuiteRunner.java:373)
at org.testng.SuiteRunner.run(SuiteRunner.java:312)
at org.testng.SuiteRunnerWorker.runSuite(SuiteRunnerWorker.java:52)
at org.testng.SuiteRunnerWorker.run(SuiteRunnerWorker.java:95)
at org.testng.TestNG.runSuitesSequentially(TestNG.java:1274)
at org.testng.TestNG.runSuitesLocally(TestNG.java:1208)
at org.testng.TestNG.runSuites(TestNG.java:1112)
at org.testng.TestNG.run(TestNG.java:1079)
at org.testng.remote.AbstractRemoteTestNG.run(AbstractRemoteTestNG.java:115)
at org.testng.remote.RemoteTestNG.initAndRun(RemoteTestNG.java:293)
at org.testng.remote.RemoteTestNG.main(RemoteTestNG.java:91)
]]>
    </error>
  </testcase> <!-- setup -->
  <testcase classname="testCases.TC002_LoginTest" name="Verify_login" time="0.000">
    <skipped/>
  </testcase> <!-- Verify_login -->
</testsuite> <!-- testCases.TC002_LoginTest -->
