<?xml version="1.0" encoding="UTF-8"?>
<!-- Generated by org.testng.reporters.JUnitXMLReporter -->
<testsuite ignored="0" hostname="LAPTOP-23EOHQUV" failures="0" tests="2" name="MasterTest" time="0.246" errors="0" timestamp="2026-01-26T14:33:14 IST">
  <testcase classname="testBase.BaseClass" name="@BeforeClass setup" time="0.03">
    <failure type="java.lang.NoSuchMethodError" message="&amp;apos;io.opentelemetry.sdk.autoconfigure.spi.internal.DefaultConfigProperties io.opentelemetry.sdk.autoconfigure.spi.internal.DefaultConfigProperties.create(java.util.Map, io.opentelemetry.common.ComponentLoader)&amp;apos;">
      <![CDATA[java.lang.NoSuchMethodError: 'io.opentelemetry.sdk.autoconfigure.spi.internal.DefaultConfigProperties io.opentelemetry.sdk.autoconfigure.spi.internal.DefaultConfigProperties.create(java.util.Map, io.opentelemetry.common.ComponentLoader)'
at io.opentelemetry.sdk.autoconfigure.AutoConfiguredOpenTelemetrySdkBuilder.buildImpl(AutoConfiguredOpenTelemetrySdkBuilder.java:452)
at io.opentelemetry.sdk.autoconfigure.AutoConfiguredOpenTelemetrySdkBuilder.build(AutoConfiguredOpenTelemetrySdkBuilder.java:430)
at org.openqa.selenium.remote.tracing.opentelemetry.OpenTelemetryTracer.createTracer(OpenTelemetryTracer.java:85)
at org.openqa.selenium.remote.tracing.opentelemetry.OpenTelemetryTracer.getInstance(OpenTelemetryTracer.java:59)
at org.openqa.selenium.remote.RemoteWebDriver.createExecutor(RemoteWebDriver.java:201)
at org.openqa.selenium.remote.RemoteWebDriver.<init>(RemoteWebDriver.java:157)
at testBase.BaseClass.setup(BaseClass.java:89)
at java.base/java.util.ArrayList.forEach(ArrayList.java:1596)
... Removed 23 stack frames]]>
    </failure>
  </testcase> <!-- @BeforeClass setup -->
  <testcase classname="testBase.BaseClass" name="@BeforeClass setup" time="0.002">
    <failure type="java.lang.NoSuchMethodError" message="&amp;apos;io.opentelemetry.sdk.autoconfigure.spi.internal.DefaultConfigProperties io.opentelemetry.sdk.autoconfigure.spi.internal.DefaultConfigProperties.create(java.util.Map, io.opentelemetry.common.ComponentLoader)&amp;apos;">
      <![CDATA[java.lang.NoSuchMethodError: 'io.opentelemetry.sdk.autoconfigure.spi.internal.DefaultConfigProperties io.opentelemetry.sdk.autoconfigure.spi.internal.DefaultConfigProperties.create(java.util.Map, io.opentelemetry.common.ComponentLoader)'
at io.opentelemetry.sdk.autoconfigure.AutoConfiguredOpenTelemetrySdkBuilder.buildImpl(AutoConfiguredOpenTelemetrySdkBuilder.java:452)
at io.opentelemetry.sdk.autoconfigure.AutoConfiguredOpenTelemetrySdkBuilder.build(AutoConfiguredOpenTelemetrySdkBuilder.java:430)
at org.openqa.selenium.remote.tracing.opentelemetry.OpenTelemetryTracer.createTracer(OpenTelemetryTracer.java:85)
at org.openqa.selenium.remote.tracing.opentelemetry.OpenTelemetryTracer.getInstance(OpenTelemetryTracer.java:59)
at org.openqa.selenium.remote.RemoteWebDriver.createExecutor(RemoteWebDriver.java:201)
at org.openqa.selenium.remote.RemoteWebDriver.<init>(RemoteWebDriver.java:157)
at testBase.BaseClass.setup(BaseClass.java:89)
at java.base/java.util.ArrayList.forEach(ArrayList.java:1596)
... Removed 23 stack frames]]>
    </failure>
  </testcase> <!-- @BeforeClass setup -->
  <testcase classname="testCases.TC_AccountRegistrationTest" name="verify_account_registration" time="0.0">
    <skipped/>
  </testcase> <!-- verify_account_registration -->
  <testcase classname="testCases.TC002_LoginTest" name="Verify_login" time="0.0">
    <skipped/>
  </testcase> <!-- Verify_login -->
</testsuite> <!-- MasterTest -->
